#! /usr/bin/vvp
:ivl_version "11.0 (stable)";
:ivl_delay_selection "TYPICAL";
:vpi_time_precision + 0;
:vpi_module "/usr/lib/x86_64-linux-gnu/ivl/system.vpi";
:vpi_module "/usr/lib/x86_64-linux-gnu/ivl/vhdl_sys.vpi";
:vpi_module "/usr/lib/x86_64-linux-gnu/ivl/vhdl_textio.vpi";
:vpi_module "/usr/lib/x86_64-linux-gnu/ivl/v2005_math.vpi";
:vpi_module "/usr/lib/x86_64-linux-gnu/ivl/va_math.vpi";
S_0x55cfc8c45dc0 .scope module, "test_my_fa" "test_my_fa" 2 1;
 .timescale 0 0;
v0x55cfc8c5d550_0 .var "in1", 0 0;
v0x55cfc8c5d640_0 .var "in2", 0 0;
v0x55cfc8c5d750_0 .var "in3", 0 0;
v0x55cfc8c5d840_0 .net "out1", 0 0, L_0x55cfc8c5e1a0;  1 drivers
v0x55cfc8c5d930_0 .net "out2", 0 0, L_0x55cfc8c5e360;  1 drivers
S_0x55cfc8c45f50 .scope module, "mn1" "my_fa" 2 4, 3 1 0, S_0x55cfc8c45dc0;
 .timescale 0 0;
    .port_info 0 /INPUT 1 "cin";
    .port_info 1 /INPUT 1 "a";
    .port_info 2 /INPUT 1 "b";
    .port_info 3 /OUTPUT 1 "r";
    .port_info 4 /OUTPUT 1 "cout";
L_0x55cfc8c5e360 .functor OR 1, L_0x55cfc8c5dd20, L_0x55cfc8c5e260, C4<0>, C4<0>;
v0x55cfc8c5cea0_0 .net "a", 0 0, v0x55cfc8c5d550_0;  1 drivers
v0x55cfc8c5cf60_0 .net "b", 0 0, v0x55cfc8c5d640_0;  1 drivers
v0x55cfc8c5d030_0 .net "c1", 0 0, L_0x55cfc8c5dd20;  1 drivers
v0x55cfc8c5d130_0 .net "c2", 0 0, L_0x55cfc8c5e260;  1 drivers
v0x55cfc8c5d200_0 .net "cin", 0 0, v0x55cfc8c5d750_0;  1 drivers
v0x55cfc8c5d2f0_0 .net "cout", 0 0, L_0x55cfc8c5e360;  alias, 1 drivers
v0x55cfc8c5d390_0 .net "r", 0 0, L_0x55cfc8c5e1a0;  alias, 1 drivers
v0x55cfc8c5d460_0 .net "r1", 0 0, L_0x55cfc8c5dc60;  1 drivers
S_0x55cfc8c07cf0 .scope module, "ha1" "my_ha" 3 6, 4 1 0, S_0x55cfc8c45f50;
 .timescale 0 0;
    .port_info 0 /INPUT 1 "a";
    .port_info 1 /INPUT 1 "b";
    .port_info 2 /OUTPUT 1 "r";
    .port_info 3 /OUTPUT 1 "c";
L_0x55cfc8c5da20 .functor NOT 1, v0x55cfc8c5d640_0, C4<0>, C4<0>, C4<0>;
L_0x55cfc8c5da90 .functor AND 1, v0x55cfc8c5d550_0, L_0x55cfc8c5da20, C4<1>, C4<1>;
L_0x55cfc8c5db50 .functor NOT 1, v0x55cfc8c5d550_0, C4<0>, C4<0>, C4<0>;
L_0x55cfc8c5dbc0 .functor AND 1, L_0x55cfc8c5db50, v0x55cfc8c5d640_0, C4<1>, C4<1>;
L_0x55cfc8c5dc60 .functor OR 1, L_0x55cfc8c5da90, L_0x55cfc8c5dbc0, C4<0>, C4<0>;
L_0x55cfc8c5dd20 .functor AND 1, v0x55cfc8c5d550_0, v0x55cfc8c5d640_0, C4<1>, C4<1>;
v0x55cfc8c07ed0_0 .net *"_ivl_0", 0 0, L_0x55cfc8c5da20;  1 drivers
v0x55cfc8c5bef0_0 .net *"_ivl_2", 0 0, L_0x55cfc8c5da90;  1 drivers
v0x55cfc8c5bfd0_0 .net *"_ivl_4", 0 0, L_0x55cfc8c5db50;  1 drivers
v0x55cfc8c5c090_0 .net *"_ivl_6", 0 0, L_0x55cfc8c5dbc0;  1 drivers
v0x55cfc8c5c170_0 .net "a", 0 0, v0x55cfc8c5d550_0;  alias, 1 drivers
v0x55cfc8c5c280_0 .net "b", 0 0, v0x55cfc8c5d640_0;  alias, 1 drivers
v0x55cfc8c5c340_0 .net "c", 0 0, L_0x55cfc8c5dd20;  alias, 1 drivers
v0x55cfc8c5c400_0 .net "r", 0 0, L_0x55cfc8c5dc60;  alias, 1 drivers
S_0x55cfc8c5c540 .scope module, "ha2" "my_ha" 3 7, 4 1 0, S_0x55cfc8c45f50;
 .timescale 0 0;
    .port_info 0 /INPUT 1 "a";
    .port_info 1 /INPUT 1 "b";
    .port_info 2 /OUTPUT 1 "r";
    .port_info 3 /OUTPUT 1 "c";
L_0x55cfc8c5de20 .functor NOT 1, v0x55cfc8c5d750_0, C4<0>, C4<0>, C4<0>;
L_0x55cfc8c5de90 .functor AND 1, L_0x55cfc8c5dc60, L_0x55cfc8c5de20, C4<1>, C4<1>;
L_0x55cfc8c5dfb0 .functor NOT 1, L_0x55cfc8c5dc60, C4<0>, C4<0>, C4<0>;
L_0x55cfc8c5e020 .functor AND 1, L_0x55cfc8c5dfb0, v0x55cfc8c5d750_0, C4<1>, C4<1>;
L_0x55cfc8c5e1a0 .functor OR 1, L_0x55cfc8c5de90, L_0x55cfc8c5e020, C4<0>, C4<0>;
L_0x55cfc8c5e260 .functor AND 1, L_0x55cfc8c5dc60, v0x55cfc8c5d750_0, C4<1>, C4<1>;
v0x55cfc8c5c7b0_0 .net *"_ivl_0", 0 0, L_0x55cfc8c5de20;  1 drivers
v0x55cfc8c5c890_0 .net *"_ivl_2", 0 0, L_0x55cfc8c5de90;  1 drivers
v0x55cfc8c5c970_0 .net *"_ivl_4", 0 0, L_0x55cfc8c5dfb0;  1 drivers
v0x55cfc8c5ca30_0 .net *"_ivl_6", 0 0, L_0x55cfc8c5e020;  1 drivers
v0x55cfc8c5cb10_0 .net "a", 0 0, L_0x55cfc8c5dc60;  alias, 1 drivers
v0x55cfc8c5cc00_0 .net "b", 0 0, v0x55cfc8c5d750_0;  alias, 1 drivers
v0x55cfc8c5cca0_0 .net "c", 0 0, L_0x55cfc8c5e260;  alias, 1 drivers
v0x55cfc8c5cd60_0 .net "r", 0 0, L_0x55cfc8c5e1a0;  alias, 1 drivers
    .scope S_0x55cfc8c45dc0;
T_0 ;
    %vpi_call 2 6 "$dumpfile", "test_my_fa.vcd" {0 0 0};
    %vpi_call 2 7 "$dumpvars", 32'sb00000000000000000000000000000000, S_0x55cfc8c45dc0 {0 0 0};
    %vpi_call 2 8 "$monitor", "%t: in1 = %b, in2 = %b, in3 = %b, out1 = %b, out2 = %b", $time, v0x55cfc8c5d550_0, v0x55cfc8c5d640_0, v0x55cfc8c5d750_0, v0x55cfc8c5d840_0, v0x55cfc8c5d930_0 {0 0 0};
    %pushi/vec4 0, 0, 1;
    %store/vec4 v0x55cfc8c5d550_0, 0, 1;
    %pushi/vec4 0, 0, 1;
    %store/vec4 v0x55cfc8c5d640_0, 0, 1;
    %pushi/vec4 0, 0, 1;
    %store/vec4 v0x55cfc8c5d750_0, 0, 1;
    %delay 10, 0;
    %pushi/vec4 1, 0, 1;
    %store/vec4 v0x55cfc8c5d750_0, 0, 1;
    %delay 10, 0;
    %pushi/vec4 1, 0, 1;
    %store/vec4 v0x55cfc8c5d640_0, 0, 1;
    %pushi/vec4 0, 0, 1;
    %store/vec4 v0x55cfc8c5d750_0, 0, 1;
    %delay 10, 0;
    %pushi/vec4 1, 0, 1;
    %store/vec4 v0x55cfc8c5d750_0, 0, 1;
    %delay 10, 0;
    %pushi/vec4 1, 0, 1;
    %store/vec4 v0x55cfc8c5d550_0, 0, 1;
    %pushi/vec4 0, 0, 1;
    %store/vec4 v0x55cfc8c5d640_0, 0, 1;
    %pushi/vec4 0, 0, 1;
    %store/vec4 v0x55cfc8c5d750_0, 0, 1;
    %delay 10, 0;
    %pushi/vec4 1, 0, 1;
    %store/vec4 v0x55cfc8c5d750_0, 0, 1;
    %delay 10, 0;
    %pushi/vec4 1, 0, 1;
    %store/vec4 v0x55cfc8c5d640_0, 0, 1;
    %pushi/vec4 0, 0, 1;
    %store/vec4 v0x55cfc8c5d750_0, 0, 1;
    %delay 10, 0;
    %pushi/vec4 1, 0, 1;
    %store/vec4 v0x55cfc8c5d750_0, 0, 1;
    %vpi_call 2 19 "$finish" {0 0 0};
    %end;
    .thread T_0;
# The file index is used to find the file name in the following table.
:file_names 5;
    "N/A";
    "<interactive>";
    "test_my_fa.v";
    "my_fa.v";
    "my_ha.v";
